[INFO] [default] Schedule for population event
[INFO] [default] Model starting...
[INFO] [default] Perform before run events
[INFO] [default] Simulation is running
[INFO] [default] Day: 0
[INFO] [default] 1990-01-01: change trreatment coverage model
[INFO] [default] Day: 100
[INFO] [default] Day: 200
[INFO] [default] Day: 300
[INFO] [default] Day: 400
[INFO] [default] Day: 500
[INFO] [default] Day: 600
[INFO] [default] Day: 700
[INFO] [default] Day: 800
[INFO] [default] Day: 900
[INFO] [default] Day: 1000
[INFO] [default] Day: 1100
[INFO] [default] Day: 1200
[INFO] [default] Day: 1300
[INFO] [default] Day: 1400
[INFO] [default] Day: 1500
[INFO] [default] Day: 1600
[INFO] [default] Day: 1700
[INFO] [default] Day: 1800
[INFO] [default] Day: 1900
[INFO] [default] Day: 2000
[INFO] [default] Day: 2100
[INFO] [default] Day: 2200
[INFO] [default] Day: 2300
[INFO] [default] Day: 2400
[INFO] [default] Day: 2500
[INFO] [default] Day: 2600
[INFO] [default] Day: 2700
[INFO] [default] Day: 2800
[INFO] [default] Day: 2900
[INFO] [default] Day: 3000
[INFO] [default] Day: 3100
[INFO] [default] Day: 3200
[INFO] [default] Day: 3300
[INFO] [default] Day: 3400
[INFO] [default] Day: 3500
[INFO] [default] Day: 3600
[INFO] [default] 2000-01-01: change trreatment coverage model
[INFO] [default] 2000-01-01 : switch to CyclingStrategy
[INFO] [default] Day: 3700
[INFO] [default] Day: 3800
[INFO] [default] Day: 3900
[INFO] [default] Day: 4000
[INFO] [default] Day: 4100
[INFO] [default] Day: 4200
[INFO] [default] Day: 4300
[INFO] [default] Day: 4400
[INFO] [default] Day: 4500
[INFO] [default] Day: 4600
[INFO] [default] Day: 4700
[INFO] [default] Day: 4800
[INFO] [default] Day: 4900
[INFO] [default] Day: 5000
[INFO] [default] Day: 5100
[INFO] [default] Day: 5200
[INFO] [default] Day: 5300
[INFO] [default] Day: 5400
[INFO] [default] 2004-12-30: Cycling Strategy Swith Therapy to: 7
[INFO] [default] Day: 5500
[INFO] [default] Day: 5600
[INFO] [default] Day: 5700
[INFO] [default] Day: 5800
[INFO] [default] Day: 5900
[INFO] [default] Day: 6000
[INFO] [default] Day: 6100
[INFO] [default] Day: 6200
[INFO] [default] Day: 6300
[INFO] [default] Day: 6400
[INFO] [default] Day: 6500
[INFO] [default] Day: 6600
[INFO] [default] Day: 6700
[INFO] [default] Day: 6800
[INFO] [default] Day: 6900
[INFO] [default] Day: 7000
[INFO] [default] Day: 7100
[INFO] [default] Day: 7200
[INFO] [default] Day: 7300
[INFO] [default] 2009-12-29: Cycling Strategy Swith Therapy to: 6
[INFO] [default] Day: 7400
[INFO] [default] Day: 7500
[INFO] [default] Day: 7600
[INFO] [default] Day: 7700
[INFO] [default] Day: 7800
[INFO] [default] Day: 7900
[INFO] [default] Day: 8000
[INFO] [default] Day: 8100
[INFO] [default] Day: 8200
[INFO] [default] Day: 8300
[INFO] [default] Day: 8400
[INFO] [default] Day: 8500
[INFO] [default] Day: 8600
[INFO] [default] Day: 8700
[INFO] [default] Day: 8800
[INFO] [default] Day: 8900
[INFO] [default] Day: 9000
[INFO] [default] Day: 9100
[INFO] [default] 2014-12-28: Cycling Strategy Swith Therapy to: 8
[INFO] [default] Day: 9200
[INFO] [default] Day: 9300
[INFO] [default] Day: 9400
[INFO] [default] Day: 9500
[INFO] [default] Day: 9600
[INFO] [default] Day: 9700
[INFO] [default] Day: 9800
[INFO] [default] Day: 9900
[INFO] [default] Day: 10000
[INFO] [default] Day: 10100
[INFO] [default] Day: 10200
[INFO] [default] Day: 10300
[INFO] [default] Day: 10400
[INFO] [default] Day: 10500
[INFO] [default] Day: 10600
[INFO] [default] Day: 10700
[INFO] [default] Day: 10800
[INFO] [default] Day: 10900
[INFO] [default] 2019-12-27: Cycling Strategy Swith Therapy to: 7
[INFO] [default] Day: 11000
[INFO] [default] Day: 11100
[INFO] [default] Day: 11200
[INFO] [default] Day: 11300
[INFO] [default] Day: 11400
[INFO] [default] Day: 11500
[INFO] [default] Day: 11600
[INFO] [default] Day: 11700
[INFO] [default] Day: 11800
[INFO] [default] Day: 11900
[INFO] [default] Day: 12000
[INFO] [default] Day: 12100
[INFO] [default] Day: 12200
[INFO] [default] Day: 12300
[INFO] [default] Day: 12400
[INFO] [default] Day: 12500
[INFO] [default] Day: 12600
[INFO] [default] Day: 12700
[INFO] [default] 2024-12-25: Cycling Strategy Swith Therapy to: 6
[INFO] [default] Day: 12800
[INFO] [default] Day: 12900
[INFO] [default] Day: 13000
[INFO] [default] Day: 13100
[INFO] [default] Day: 13200
[INFO] [default] Day: 13300
[INFO] [default] Day: 13400
[INFO] [default] Day: 13500
[INFO] [default] Day: 13600
[INFO] [default] Day: 13700
[INFO] [default] Day: 13800
[INFO] [default] Day: 13900
[INFO] [default] Day: 14000
[INFO] [default] Day: 14100
[INFO] [default] Day: 14200
[INFO] [default] Day: 14300
[INFO] [default] Day: 14400
[INFO] [default] Day: 14500
[INFO] [default] Day: 14600
[INFO] [default] 2029-12-24: Cycling Strategy Swith Therapy to: 8
[INFO] [default] Day: 14700
[INFO] [default] Day: 14800
[INFO] [default] Day: 14900
[INFO] [default] Day: 15000
[INFO] [default] Day: 15100
[INFO] [default] Day: 15200
[INFO] [default] Day: 15300
[INFO] [default] Day: 15400
[INFO] [default] Day: 15500
[INFO] [default] Day: 15600
[INFO] [default] Day: 15700
[INFO] [default] Day: 15800
[INFO] [default] Day: 15900
[INFO] [default] Day: 16000
[INFO] [default] Day: 16100
[INFO] [default] Day: 16200
[INFO] [default] Day: 16300
[INFO] [default] Day: 16400
[INFO] [default] 2034-12-23: Cycling Strategy Swith Therapy to: 7
[INFO] [default] Day: 16500
[INFO] [default] Day: 16600
[INFO] [default] Day: 16700
[INFO] [default] Day: 16800
[INFO] [default] Day: 16900
[INFO] [default] Day: 17000
[INFO] [default] Day: 17100
[INFO] [default] Day: 17200
[INFO] [default] Day: 17300
[INFO] [default] Day: 17400
[INFO] [default] Day: 17500
[INFO] [default] Day: 17600
[INFO] [default] Day: 17700
[INFO] [default] Day: 17800
[INFO] [default] Day: 17900
[INFO] [default] Day: 18000
[INFO] [default] Day: 18100
[INFO] [default] Day: 18200
[INFO] [default] 2039-12-22: Cycling Strategy Swith Therapy to: 6
[INFO] [default] Perform after run events
[INFO] [default] Model finished.